[00:00:16] [Server thread/INFO]: [Andriani: Set the time to 1000]
[00:00:48] [Server thread/INFO]: [Andriani: Set the time to 13000]
[00:00:54] [Server thread/WARN]: Taemytoob moved too quickly! 0.16937361831242015,0.05489334703207138,-10.069367585522969
[00:00:54] [Server thread/WARN]: Simpious moved too quickly! 8.716211589209308,0.0,-5.1017224514824875
[00:00:54] [Server thread/WARN]: Can't keep up! Is the server overloaded? Running 2380ms or 47 ticks behind
[00:01:50] [Server thread/INFO]: <Simpious> We should starve cuckservatives
[00:02:08] [Server thread/INFO]: Andriani lost connection: Disconnected
[00:02:08] [Server thread/INFO]: Andriani left the game
[00:02:11] [User Authenticator #27/INFO]: UUID of player Andriani is 64d6b7f7-f804-42fd-95ad-a7134e67407d
[00:02:11] [Server thread/INFO]: Andriani[/192.168.254.254:55750] logged in with entity id 525612 at (-604.7826334891066, 16.0, 1306.59151444421)
[00:02:11] [Server thread/INFO]: Andriani joined the game
[00:02:14] [Server thread/INFO]: <Taemytoob> go
[00:02:16] [Server thread/INFO]: <Taemytoob> go
[00:02:17] [Server thread/INFO]: <Taemytoob> go
[00:02:18] [Server thread/INFO]: Andriani lost connection: Disconnected
[00:02:18] [Server thread/INFO]: Andriani left the game
[00:02:18] [Server thread/INFO]: <Taemytoob> to
[00:02:19] [Server thread/INFO]: <Taemytoob> to
[00:02:20] [Server thread/INFO]: <Taemytoob> to
[00:02:22] [Server thread/INFO]: <Taemytoob> bed
[00:02:24] [Server thread/INFO]: <Taemytoob> bed
[00:02:32] [Server thread/INFO]: <Simpious> Get in my bed, honey. I own you
[00:02:38] [Server thread/INFO]: <Taemytoob> oh
[00:02:43] [Server thread/INFO]: <Taemytoob> rn
[00:03:01] [User Authenticator #28/INFO]: UUID of player Andriani is 64d6b7f7-f804-42fd-95ad-a7134e67407d
[00:03:01] [Server thread/INFO]: Andriani[/192.168.254.254:55769] logged in with entity id 526705 at (-606.6999999880791, 14.0, 1306.581453140222)
[00:03:01] [Server thread/INFO]: Andriani joined the game
[00:03:52] [Server thread/WARN]: Andriani was kicked for floating too long!
[00:03:52] [Server thread/INFO]: Andriani lost connection: Flying is not enabled on this server
[00:03:52] [Server thread/INFO]: Andriani left the game
[00:03:54] [User Authenticator #29/INFO]: UUID of player Andriani is 64d6b7f7-f804-42fd-95ad-a7134e67407d
[00:03:54] [Server thread/INFO]: Andriani[/192.168.254.254:55772] logged in with entity id 528998 at (-535.5, 12.7125, 1307.5)
[00:03:54] [Server thread/INFO]: Andriani joined the game
[00:05:57] [Server thread/WARN]: Andriani moved too quickly! -7.167358407171946,-2.0,-6.763213306091075
[00:05:57] [Server thread/WARN]: Can't keep up! Is the server overloaded? Running 2368ms or 47 ticks behind
[00:11:00] [Server thread/WARN]: bubbie moved too quickly! 8.46850902714597,-0.24785109963254115,5.747925608608824
[00:11:00] [Server thread/WARN]: Can't keep up! Is the server overloaded? Running 3706ms or 74 ticks behind
[00:14:46] [Server thread/INFO]: [Andriani: Gamerule maxEntityCramming is now set to: 0]
[00:16:02] [Server thread/WARN]: Simpious moved too quickly! -9.293205774887724,1.0,4.258692138231794
[00:16:02] [Server thread/WARN]: Can't keep up! Is the server overloaded? Running 2077ms or 41 ticks behind
[00:20:37] [Server thread/INFO]: <Simpious> 420 -10
[00:20:43] [Server thread/INFO]: <Simpious> 420 -100
[00:21:05] [Server thread/WARN]: Simpious moved too quickly! -7.68503742255308,5.252203340253729,4.042037402993643
[00:21:05] [Server thread/WARN]: Can't keep up! Is the server overloaded? Running 2796ms or 55 ticks behind
[00:22:18] [Server thread/INFO]: Simpious lost connection: Disconnected
[00:22:18] [Server thread/INFO]: Simpious left the game
[00:22:26] [User Authenticator #30/INFO]: UUID of player Simpious is 69e3fcc8-c85f-49c8-8c16-e043b8abfdfd
[00:22:26] [Server thread/INFO]: Simpious[/172.75.91.248:51398] logged in with entity id 574020 at (68.12734155479677, 64.0625, 116.30000001192093)
[00:22:26] [Server thread/INFO]: Simpious joined the game
[00:22:58] [Server thread/INFO]: Simpious has made the advancement [We Need to Go Deeper]
[00:22:58] [Server thread/WARN]: Can't keep up! Is the server overloaded? Running 2268ms or 45 ticks behind
[00:26:10] [Server thread/WARN]: Can't keep up! Is the server overloaded? Running 2807ms or 56 ticks behind
[00:31:13] [Server thread/WARN]: Andriani moved too quickly! -9.977729308949051,0.5,2.648987651353309
[00:31:13] [Server thread/WARN]: bubbie moved too quickly! 1.2078294869123454,1.1661092609382138,10.058445344767932
[00:31:13] [Server thread/WARN]: Can't keep up! Is the server overloaded? Running 3228ms or 64 ticks behind
[00:36:18] [Server thread/WARN]: bubbie moved too quickly! 9.215188976251738,3.823240724935758,-1.550117741179065
[00:36:18] [Server thread/WARN]: Can't keep up! Is the server overloaded? Running 4698ms or 93 ticks behind
[00:41:23] [Server thread/WARN]: Andriani moved too quickly! -4.713844400356493,-1.127890238205481,8.98080268989952
[00:41:23] [Server thread/WARN]: Taemytoob moved too quickly! 10.154895841940288,0.0,-0.3671950571456364
[00:41:23] [Server thread/WARN]: bubbie moved too quickly! -2.7298091723304623,-8.0,-5.3673257814703135
[00:41:23] [Server thread/WARN]: Can't keep up! Is the server overloaded? Running 4848ms or 96 ticks behind
[00:46:25] [Server thread/WARN]: Can't keep up! Is the server overloaded? Running 2184ms or 43 ticks behind
[00:51:19] [Server thread/INFO]: xXrazzerlightXx fell from a high place
[00:55:12] [Server thread/INFO]: Taemytoob lost connection: Timed out
[00:55:12] [Server thread/INFO]: Taemytoob left the game
[00:55:46] [Server thread/INFO]: <Simpious> ````````````````````````````````
[00:56:00] [Server thread/INFO]: <Simpious> Duermete!
[00:56:06] [Server thread/INFO]: [Andriani: Kicked xXrazzerlightXx: Kicked by an operator]
[00:56:06] [Server thread/INFO]: xXrazzerlightXx lost connection: Kicked by an operator
[00:56:06] [Server thread/INFO]: xXrazzerlightXx left the game
[00:56:27] [Server thread/WARN]: Andriani moved too quickly! 9.880001376399946,0.0,-2.017542779511814
[00:56:28] [User Authenticator #31/INFO]: UUID of player xXrazzerlightXx is edead4ba-23d3-4bfe-be53-6fef2c0602b0
[00:56:28] [Server thread/INFO]: xXrazzerlightXx[/24.88.108.197:51323] logged in with entity id 660542 at (104.20141234954727, 81.0, 130.61096030188784)
[00:56:28] [Server thread/INFO]: xXrazzerlightXx joined the game
[00:56:49] [Server thread/INFO]: <Simpious> ?? ??????????? ????????????????
[00:57:09] [Server thread/INFO]: <Simpious> ??????????!
[01:01:28] [Server thread/WARN]: bubbie moved too quickly! 10.032367899844175,-2.437788398919963,-0.09280702722867318
[01:01:28] [Server thread/WARN]: Can't keep up! Is the server overloaded? Running 3263ms or 65 ticks behind
[01:06:32] [Server thread/WARN]: xXrazzerlightXx moved too quickly! 9.942459196702373,2.0013359791121417,0.799638961288383
[01:06:32] [Server thread/WARN]: Can't keep up! Is the server overloaded? Running 4172ms or 83 ticks behind
[01:08:49] [Server thread/WARN]: Boat (vehicle of bubbie) moved too quickly! -2.0562129836085887,0.0,-10.18794049414987
[01:08:49] [Server thread/WARN]: Boat (vehicle of bubbie) moved too quickly! -2.099958731517461,0.0,-10.583292028951746
[01:08:49] [Server thread/WARN]: Boat (vehicle of bubbie) moved too quickly! -2.135768122105958,0.0,-10.978949505146375
[01:08:49] [Server thread/WARN]: Boat (vehicle of bubbie) moved too quickly! -2.1635343264644575,0.0,-11.374791550713326
[01:08:49] [Server thread/WARN]: Boat (vehicle of bubbie) moved too quickly! -2.183250903800001,0.0,-11.770700299339069
[01:08:49] [Server thread/WARN]: Boat (vehicle of bubbie) moved too quickly! -2.194997658516513,0.0,-12.166565878999108
[01:08:49] [Server thread/WARN]: Boat (vehicle of bubbie) moved too quickly! -2.1989202642649275,0.0,-12.56228832453985
[01:08:49] [Server thread/WARN]: Boat (vehicle of bubbie) moved too quickly! -2.1952157454080634,0.0,-12.957778784912307
[01:08:49] [Server thread/WARN]: Boat (vehicle of bubbie) moved too quickly! -2.184123205944786,0.0,-13.352960550078251
[01:08:49] [Server thread/WARN]: Boat (vehicle of bubbie) moved too quickly! -2.1659117509381645,0.0,-13.747768697450965
[01:08:49] [Server thread/WARN]: Boat (vehicle of bubbie) moved too quickly! -2.1408696814596055,0.0,-14.142149151568447
[01:08:49] [Server thread/WARN]: Boat (vehicle of bubbie) moved too quickly! -2.109298573560068,0.0,-14.536058206602547
[01:08:49] [Server thread/WARN]: Boat (vehicle of bubbie) moved too quickly! -2.071511714216001,0.0,-14.92946271129108
[01:08:49] [Server thread/WARN]: Boat (vehicle of bubbie) moved too quickly! -2.027821539229876,0.0,-15.322337307297857
[01:08:49] [Server thread/WARN]: Boat (vehicle of bubbie) moved too quickly! -1.9785432787940067,0.0,-15.71466531512442
[01:08:49] [Server thread/WARN]: Boat (vehicle of bubbie) moved too quickly! -1.923990802818139,0.0,-16.106437616631865
[01:08:49] [Server thread/WARN]: Boat (vehicle of bubbie) moved too quickly! -1.8644692160389127,0.0,-16.49765045721756
[01:08:49] [Server thread/WARN]: Boat (vehicle of bubbie) moved too quickly! -1.80027563861114,0.0,-16.888305296891076
[01:08:49] [Server thread/WARN]: Boat (vehicle of bubbie) moved too quickly! -1.7316962243278908,0.0,-17.278407595908902
[01:08:49] [Server thread/WARN]: Boat (vehicle of bubbie) moved too quickly! -1.6590071883389328,0.0,-17.667966686696445
[01:08:49] [Server thread/WARN]: Boat (vehicle of bubbie) moved too quickly! -1.5824757386168358,0.0,-18.05699561387314
[01:08:49] [Server thread/WARN]: Boat (vehicle of bubbie) moved too quickly! -1.5023572392772735,0.0,-18.445509891315396
[01:08:49] [Server thread/WARN]: Can't keep up! Is the server overloaded? Running 2410ms or 48 ticks behind
[01:10:44] [User Authenticator #32/INFO]: UUID of player Taemytoob is b37d07fb-a9b5-49a7-a227-56e1db870f26
[01:10:44] [Server thread/INFO]: Taemytoob[/24.88.94.198:51015] logged in with entity id 707884 at (-582.1214364684726, 71.5625, 1354.7103047598673)
[01:10:44] [Server thread/INFO]: Taemytoob joined the game
[01:10:48] [Server thread/WARN]: Can't keep up! Is the server overloaded? Running 2015ms or 40 ticks behind
[01:11:42] [Server thread/WARN]: bubbie moved too quickly! -7.192322155099987,1.3693736602695026,-7.03936057966996
[01:11:42] [Server thread/WARN]: Can't keep up! Is the server overloaded? Running 5036ms or 100 ticks behind
[01:12:35] [Server thread/INFO]: <bubbie> 800 870
[01:12:43] [Server thread/INFO]: <bubbie> pillager outpoist
[01:12:47] [Server thread/INFO]: <Simpious> CALL ME BBY 8036042044
[01:12:49] [Server thread/INFO]: bubbie has made the advancement [Ol' Betsy]
[01:13:04] [Server thread/INFO]: xXrazzerlightXx was slain by Zombie
[01:13:09] [Server thread/WARN]: Fetching addPacket for removed entity
[01:13:22] [Server thread/INFO]: Taemytoob has made the advancement [Cover Me With Diamonds]
[01:16:22] [Server thread/INFO]: [Andriani: Teleported Taemytoob to 68.5, 70.0, 118.5]
[01:16:34] [Server thread/INFO]: Taemytoob lost connection: Disconnected
[01:16:34] [Server thread/INFO]: Taemytoob left the game
[01:16:45] [Server thread/WARN]: Andriani moved too quickly! -10.008765151197416,1.9986640208878583,0.8360232098696656
[01:16:45] [Server thread/WARN]: bubbie moved too quickly! 9.408183269336718,-0.2522033402537289,-3.4754913258284432
[01:16:45] [Server thread/WARN]: Can't keep up! Is the server overloaded? Running 3505ms or 70 ticks behind
[01:17:09] [Server thread/WARN]: bubbie moved too quickly! -6.771679635186132,1.7518640014090607,-7.471678492994414
[01:17:09] [Server thread/WARN]: Can't keep up! Is the server overloaded? Running 3094ms or 61 ticks behind
[01:17:44] [User Authenticator #33/INFO]: UUID of player Taemytoob is b37d07fb-a9b5-49a7-a227-56e1db870f26
[01:17:44] [Server thread/INFO]: Taemytoob[/24.88.94.198:51073] logged in with entity id 726351 at (68.69999998807907, 70.0, 118.69999998807907)
[01:17:44] [Server thread/INFO]: Taemytoob joined the game
[01:17:48] [Server thread/INFO]: [Andriani: Teleported Taemytoob to -622.5, 67.0, 1373.5]
[01:17:57] [Server thread/WARN]: Taemytoob was kicked for floating too long!
[01:17:57] [Server thread/INFO]: Taemytoob lost connection: Flying is not enabled on this server
[01:17:57] [Server thread/INFO]: Taemytoob left the game
[01:17:59] [User Authenticator #34/INFO]: UUID of player Taemytoob is b37d07fb-a9b5-49a7-a227-56e1db870f26
[01:17:59] [Server thread/INFO]: Taemytoob[/24.88.94.198:51076] logged in with entity id 727076 at (-620.5717345319766, 86.13641158208381, 1363.2578068359)
[01:17:59] [Server thread/INFO]: Taemytoob joined the game
[01:18:04] [Server thread/WARN]: Taemytoob was kicked for floating too long!
[01:18:04] [Server thread/INFO]: Taemytoob lost connection: Flying is not enabled on this server
[01:18:04] [Server thread/INFO]: Taemytoob left the game
[01:18:05] [User Authenticator #35/INFO]: UUID of player Taemytoob is b37d07fb-a9b5-49a7-a227-56e1db870f26
[01:18:05] [Server thread/INFO]: Taemytoob[/24.88.94.198:51079] logged in with entity id 727245 at (-620.358944824336, 86.13641158208381, 1365.7053763681718)
[01:18:05] [Server thread/INFO]: Taemytoob joined the game
[01:18:10] [Server thread/WARN]: Taemytoob was kicked for floating too long!
[01:18:10] [Server thread/INFO]: Taemytoob lost connection: Flying is not enabled on this server
[01:18:10] [Server thread/INFO]: Taemytoob left the game
[01:18:11] [User Authenticator #36/INFO]: UUID of player Taemytoob is b37d07fb-a9b5-49a7-a227-56e1db870f26
[01:18:11] [Server thread/INFO]: Taemytoob[/24.88.94.198:51081] logged in with entity id 727598 at (-620.6973427175665, 86.13641158208381, 1366.3764287293827)
[01:18:11] [Server thread/INFO]: Taemytoob joined the game
[01:18:16] [Server thread/INFO]: Taemytoob fell from a high place
[01:18:46] [Server thread/INFO]: [Andriani: Teleported Taemytoob to 68.5, 70.0, 118.5]
[01:21:51] [Server thread/WARN]: Can't keep up! Is the server overloaded? Running 2605ms or 52 ticks behind
[01:23:58] [Server thread/WARN]: Andriani moved wrongly!
[01:24:46] [Server thread/WARN]: Andriani was kicked for floating too long!
[01:24:46] [Server thread/INFO]: Andriani lost connection: Flying is not enabled on this server
[01:24:46] [Server thread/INFO]: Andriani left the game
[01:24:47] [User Authenticator #37/INFO]: UUID of player Andriani is 64d6b7f7-f804-42fd-95ad-a7134e67407d
[01:24:47] [Server thread/INFO]: Andriani[/192.168.254.254:55970] logged in with entity id 747641 at (-545.8482239400922, 72.88831559417235, 1375.7986528162137)
[01:24:47] [Server thread/INFO]: Andriani joined the game
[01:25:10] [Server thread/INFO]: Simpious has made the advancement [Diamonds!]
[01:26:53] [Server thread/WARN]: Can't keep up! Is the server overloaded? Running 2307ms or 46 ticks behind
[01:30:16] [Server thread/INFO]: [Andriani: Set the time to 1000]
[01:30:55] [Server thread/INFO]: Simpious has made the advancement [A Seedy Place]
[01:31:01] [Server thread/INFO]: xXrazzerlightXx was blown up by Creeper
[01:31:55] [Server thread/WARN]: bubbie moved too quickly! -9.231532960147035,-3.7531999805212024,1.2528693089003156
[01:36:56] [Server thread/WARN]: Andriani moved too quickly! -8.2381641010154,6.965052818669633,0.7655547705758181
[01:36:56] [Server thread/WARN]: Simpious moved too quickly! 9.033129301192275,-4.0,-1.8238576425465851
[01:36:56] [Server thread/WARN]: Andriani moved too quickly! -7.628015124417743,6.659144271185852,0.6603857743391472
[01:36:56] [Server thread/WARN]: Can't keep up! Is the server overloaded? Running 3003ms or 60 ticks behind
[01:37:18] [Server thread/WARN]: Andriani moved too quickly! -8.353595071394238,-3.3528185280857343,5.874183503799713
[01:41:30] [Server thread/WARN]: Andriani moved wrongly!
[01:41:30] [Server thread/WARN]: Andriani moved wrongly!
[01:41:59] [Server thread/WARN]: Taemytoob moved too quickly! -8.881395141423127,-1.5445322604149823,4.438974186200269
[01:41:59] [Server thread/WARN]: Andriani moved too quickly! -8.7514129424178,5.173107921761712,0.3707288817229255
[01:41:59] [Server thread/WARN]: Andriani moved too quickly! -8.7514129424178,5.1084774564963595,0.3707288817229255
[01:41:59] [Server thread/WARN]: Can't keep up! Is the server overloaded? Running 3185ms or 63 ticks behind
[01:42:06] [Server thread/INFO]: <Simpious> .vote
[01:42:06] [Server thread/INFO]: <bubbie> .vote day
[01:42:12] [Server thread/INFO]: <Taemytoob> ,vote day
[01:42:13] [Server thread/INFO]: [Andriani: Set the time to 1000]
[01:42:19] [Server thread/INFO]: <Simpious> .vote night
[01:44:16] [Server thread/WARN]: Andriani moved too quickly! 8.466652698090229,0.26195420945836645,-11.926110949111944
[01:44:17] [Server thread/WARN]: Andriani moved too quickly! -0.22009412620332114,0.4000000000000057,-19.18540900959897
[01:44:17] [Server thread/WARN]: Andriani moved too quickly! -11.593635046835061,-0.3857593734295648,-8.179133781665541
[01:44:18] [Server thread/WARN]: Andriani moved too quickly! -18.681222714948944,-0.715040777770227,3.339970572003267
[01:44:18] [Server thread/WARN]: Andriani moved too quickly! -9.999217002469095,0.0,-6.9660388287086334
[01:44:18] [Server thread/WARN]: Andriani moved too quickly! -11.842614191812345,0.0,-8.250257022446021
[01:44:18] [Server thread/WARN]: Andriani moved too quickly! -14.025849310149397,0.0,-9.771226174608728
[01:44:18] [Server thread/WARN]: Andriani moved too quickly! -3.5630960140010757,0.0,-19.92921457160628
[01:44:18] [Server thread/WARN]: Andriani moved too quickly! -4.174528095910546,0.0,-23.603248060233227
[01:44:18] [Server thread/WARN]: Andriani moved too quickly! -4.996277856153711,0.0,-27.94532986576496
[01:44:18] [Server thread/WARN]: Andriani moved too quickly! -5.917362432569689,0.0,-33.09716750636244
[01:44:18] [Server thread/WARN]: Andriani moved too quickly! 9.350471880247596,0.0,-32.673299114843985
[01:44:18] [Server thread/WARN]: Andriani moved too quickly! 9.350471880247596,0.0,-33.0260108491932
[01:44:24] [Server thread/WARN]: Andriani moved too quickly! 0.8651707533415447,-0.715040777770227,-14.972650726626625
[01:44:24] [Server thread/WARN]: Andriani moved too quickly! 1.1841812735997337,-0.07840000152587834,-20.49344888063274
[01:44:25] [Server thread/WARN]: Andriani moved too quickly! 0.7469469175259746,0.0,-12.926668249304385
[01:44:25] [Server thread/WARN]: Andriani moved too quickly! 1.0223652945860522,0.0,-17.693060487473304
[01:44:25] [Server thread/WARN]: Andriani moved too quickly! 1.1960911525789015,0.0,-20.699561324289334
[01:44:25] [Server thread/WARN]: Andriani moved too quickly! 1.3993374509614114,0.0,-24.216943095931356
[01:44:25] [Server thread/WARN]: Andriani moved too quickly! 1.7628458957153725,0.0,-28.32447265651831
[01:44:28] [Server thread/WARN]: Andriani moved too quickly! 1.2243075590852186,-0.20138395085230343,16.708674446294026
[01:44:28] [Server thread/WARN]: Andriani moved too quickly! 0.7722574049685136,-0.09316090325960147,10.539343216992165
[01:44:30] [Server thread/WARN]: Andriani moved too quickly! -10.36951858639054,0.4000000000000057,-7.398435040173354
[01:44:30] [Server thread/WARN]: Andriani moved too quickly! -1.0342164575706647,0.4000000000000057,-19.580475730763055
[01:44:32] [Server thread/WARN]: Andriani moved too quickly! 0.4639187248342296,-0.43441949654227585,-14.598766468080612
[01:44:35] [Server thread/WARN]: Andriani moved too quickly! -0.34040672116998394,-0.20138395085230343,15.160023324434178
[01:46:20] [Server thread/INFO]: <Simpious> 420 -100
[01:46:52] [Server thread/WARN]: Taemytoob was kicked for floating too long!
[01:46:52] [Server thread/INFO]: Taemytoob lost connection: Flying is not enabled on this server
[01:46:52] [Server thread/INFO]: Taemytoob left the game
[01:47:05] [Server thread/WARN]: Can't keep up! Is the server overloaded? Running 5229ms or 104 ticks behind
[01:48:19] [Server thread/WARN]: Horse moved wrongly!
[01:48:55] [User Authenticator #38/INFO]: UUID of player Taemytoob is b37d07fb-a9b5-49a7-a227-56e1db870f26
[01:48:55] [Server thread/INFO]: Taemytoob[/24.88.94.198:51313] logged in with entity id 829004 at (121.74710118596943, 66.0, 382.5585543034051)
[01:48:55] [Server thread/INFO]: Taemytoob joined the game
[01:48:59] [Server thread/WARN]: Taemytoob was kicked for floating too long!
[01:49:00] [Server thread/INFO]: Taemytoob lost connection: Flying is not enabled on this server
[01:49:00] [Server thread/INFO]: Taemytoob left the game
[01:49:03] [User Authenticator #39/INFO]: UUID of player Taemytoob is b37d07fb-a9b5-49a7-a227-56e1db870f26
[01:49:03] [Server thread/INFO]: Taemytoob[/24.88.94.198:51314] logged in with entity id 830095 at (121.74710118596943, 66.0, 382.5585543034051)
[01:49:03] [Server thread/INFO]: Taemytoob joined the game
[01:49:09] [Server thread/INFO]: Taemytoob lost connection: Disconnected
[01:49:09] [Server thread/INFO]: Taemytoob left the game
[01:49:21] [Server thread/WARN]: Horse moved wrongly!
[01:49:21] [Server thread/WARN]: Horse moved wrongly!
[01:49:21] [Server thread/WARN]: Horse moved wrongly!
[01:49:21] [Server thread/WARN]: Horse moved wrongly!
[01:49:21] [Server thread/WARN]: Horse moved wrongly!
[01:49:21] [Server thread/WARN]: Horse moved wrongly!
[01:49:21] [Server thread/WARN]: Horse moved wrongly!
[01:49:21] [Server thread/WARN]: Horse moved wrongly!
[01:49:21] [Server thread/WARN]: Horse moved wrongly!
[01:49:21] [Server thread/WARN]: Horse moved wrongly!
[01:49:21] [Server thread/WARN]: Horse moved wrongly!
[01:49:21] [Server thread/WARN]: Horse moved wrongly!
[01:49:21] [Server thread/WARN]: Horse moved wrongly!
[01:49:21] [Server thread/WARN]: Horse moved wrongly!
[01:49:21] [Server thread/WARN]: Horse moved wrongly!
[01:49:21] [Server thread/WARN]: Horse moved wrongly!
[01:49:21] [Server thread/WARN]: Horse moved wrongly!
[01:49:22] [Server thread/WARN]: Horse moved wrongly!
[01:49:22] [Server thread/WARN]: Horse moved wrongly!
[01:49:22] [Server thread/WARN]: Horse moved wrongly!
[01:49:22] [Server thread/WARN]: Horse moved wrongly!
[01:49:22] [Server thread/WARN]: Horse moved wrongly!
[01:51:00] [User Authenticator #40/INFO]: UUID of player Taemytoob is b37d07fb-a9b5-49a7-a227-56e1db870f26
[01:51:00] [Server thread/INFO]: Taemytoob[/24.88.94.198:51417] logged in with entity id 838227 at (121.74710118596943, 64.0, 382.5585543034051)
[01:51:00] [Server thread/INFO]: Taemytoob joined the game
[01:51:10] [Server thread/INFO]: Taemytoob lost connection: Disconnected
[01:51:10] [Server thread/INFO]: Taemytoob left the game
[01:52:10] [Server thread/WARN]: Andriani moved too quickly! 8.998528017215222,-2.180636999085422,-4.604494439750624
[01:52:10] [Server thread/WARN]: Horse (vehicle of bubbie) moved too quickly! -4.564717385139772,3.9898908623874405,-8.074248033418826
[01:52:10] [Server thread/WARN]: Horse (vehicle of bubbie) moved too quickly! -4.670302556202756,3.913058860892079,-8.407251099272344
[01:52:10] [Server thread/WARN]: Horse (vehicle of bubbie) moved too quickly! -4.771694915966407,3.7624374037244337,-8.728539896849497
[01:52:10] [Server thread/WARN]: Horse (vehicle of bubbie) moved too quickly! -4.868746840363002,3.540948551949839,-9.039552691516747
[01:52:10] [Server thread/WARN]: Horse (vehicle of bubbie) moved too quickly! -4.961154766473285,3.2513986530700834,-9.341597704360538
[01:52:10] [Server thread/WARN]: Horse (vehicle of bubbie) moved too quickly! -5.048437075851808,3.146119948498736,-9.635858222152137
[01:52:10] [Server thread/WARN]: Horse (vehicle of bubbie) moved too quickly! -5.162344505707665,3.146119948498736,-10.14939419539428
[01:52:10] [Server thread/WARN]: Horse (vehicle of bubbie) moved too quickly! -5.248668486848544,3.146119948498736,-10.676596496600723
[01:52:10] [Server thread/WARN]: Horse (vehicle of bubbie) moved too quickly! -5.319192284624492,3.146119948498736,-11.211213838666254
[01:52:10] [Server thread/WARN]: Horse (vehicle of bubbie) moved too quickly! -5.381261719303538,3.146119948498736,-11.749798821255581
[01:52:10] [Server thread/WARN]: Horse (vehicle of bubbie) moved too quickly! -5.4388073928512455,3.146119948498736,-12.29050680918317
[01:52:10] [Server thread/WARN]: Horse (vehicle of bubbie) moved too quickly! -5.493932492011638,3.146119948498736,-12.83235077493896
[01:52:10] [Server thread/WARN]: Horse (vehicle of bubbie) moved too quickly! -5.547762390078418,3.0692879470033745,-13.374802579781544
[01:52:10] [Server thread/WARN]: Horse (vehicle of bubbie) moved too quickly! -5.578999050904756,2.9186664898357293,-13.69030991506429
[01:52:10] [Server thread/WARN]: Horse (vehicle of bubbie) moved too quickly! -5.609289261455686,2.6971776380611345,-13.996931554612047
[01:52:10] [Server thread/WARN]: Horse (vehicle of bubbie) moved too quickly! -5.638735427626699,2.407627739181379,-14.295628930475004
[01:52:10] [Server thread/WARN]: Horse (vehicle of bubbie) moved too quickly! -5.667462767085311,2.052712009389637,-14.587256158919445
[01:52:10] [Server thread/WARN]: Horse (vehicle of bubbie) moved too quickly! -5.695549056863342,1.6350189343681905,-14.872578229714463
[01:52:10] [Server thread/WARN]: Horse (vehicle of bubbie) moved too quickly! -5.723063658519749,1.157034495814699,-15.152277360755534
[01:52:10] [Server thread/WARN]: Horse (vehicle of bubbie) moved too quickly! -5.750068428694604,0.6211462305980717,-15.426961953979571
[01:52:10] [Server thread/WARN]: Horse (vehicle of bubbie) moved too quickly! -5.776722600332732,0.029647129171834763,-15.697164197010352
[01:52:10] [Server thread/WARN]: Horse (vehicle of bubbie) moved too quickly! -5.803134269791869,-0.6152606203895914,-15.963361833945328
[01:52:10] [Server thread/WARN]: Horse (vehicle of bubbie) moved too quickly! -5.829329675801546,-1.31146203661838,-16.225988163060947
[01:52:10] [Server thread/WARN]: Horse (vehicle of bubbie) moved too quickly! -5.855332218061449,-2.0569258912732806,-16.485429599771578
[01:52:10] [Server thread/WARN]: Horse (vehicle of bubbie) moved too quickly! -5.880954641540313,-2.8497013927134276,-16.742051669531747
[01:52:10] [Server thread/WARN]: Horse (vehicle of bubbie) moved too quickly! -5.905200119439584,-3.6879150006104737,-16.99623799449637
[01:52:10] [Server thread/WARN]: Horse (vehicle of bubbie) moved too quickly! -5.915187583719586,-3.853880051501264,-17.246046382151007
[01:52:10] [Server thread/WARN]: Horse (vehicle of bubbie) moved too quickly! -5.791285563606692,-3.853880051501264,-17.691030293608037
[01:52:10] [Server thread/WARN]: Horse (vehicle of bubbie) moved too quickly! -5.580528665008629,-3.853880051501264,-18.143945338853428
[01:52:10] [Server thread/WARN]: Horse (vehicle of bubbie) moved too quickly! -5.313448719660087,-3.853880051501264,-18.59414242748221
[01:52:10] [Server thread/WARN]: Horse (vehicle of bubbie) moved too quickly! -5.007564646269728,-3.853880051501264,-19.036161563019505
[01:52:10] [Server thread/WARN]: Horse (vehicle of bubbie) moved too quickly! -4.679532786202103,-3.853880051501264,-19.04206581984954
[01:52:10] [Server thread/WARN]: Horse (vehicle of bubbie) moved too quickly! -4.345469633886935,-3.853880051501264,-19.24670764643406
[01:52:10] [Server thread/WARN]: Horse (vehicle of bubbie) moved too quickly! -4.255889965208823,-3.853880051501264,-19.599233571261266
[01:52:10] [Server thread/WARN]: Horse (vehicle of bubbie) moved too quickly! -4.31159041718135,-3.853880051501264,-20.025083339762432
[01:52:10] [Server thread/WARN]: Horse (vehicle of bubbie) moved too quickly! -4.446322170871198,-3.853880051501264,-20.04206581984954
[01:52:10] [Server thread/WARN]: Horse (vehicle of bubbie) moved too quickly! -4.387742033500942,-3.853880051501264,-20.04206581984954
[01:52:10] [Server thread/WARN]: Can't keep up! Is the server overloaded? Running 5622ms or 112 ticks behind
[01:52:10] [Server thread/WARN]: Horse (vehicle of bubbie) moved too quickly! 0.24136415249058985,-7.843770913888704,-12.314058755594715
[01:52:10] [Server thread/WARN]: Horse (vehicle of bubbie) moved too quickly! 0.49487115179931607,-7.843770913888704,-12.314058755594715
[01:52:10] [Server thread/WARN]: Horse (vehicle of bubbie) moved too quickly! 0.8050431668174696,-7.843770913888704,-12.314058755594715
[01:52:10] [Server thread/WARN]: Horse (vehicle of bubbie) moved too quickly! 1.1478866868742585,-7.843770913888704,-12.314058755594715
[01:52:10] [Server thread/WARN]: Horse (vehicle of bubbie) moved too quickly! 1.5074313374531982,-7.843770913888704,-12.314058755594715
[01:52:37] [Server thread/WARN]: Andriani moved too quickly! 10.368144225933406,0.9828106118752515,-0.11603470207683131
[01:53:21] [User Authenticator #41/INFO]: UUID of player Taemytoob is b37d07fb-a9b5-49a7-a227-56e1db870f26
[01:53:21] [Server thread/INFO]: Taemytoob[/24.88.94.198:51545] logged in with entity id 848987 at (121.74710118596943, 64.0, 382.5585543034051)
[01:53:21] [Server thread/INFO]: Taemytoob joined the game
[01:53:30] [Server thread/INFO]: Taemytoob lost connection: Disconnected
[01:53:30] [Server thread/INFO]: Taemytoob left the game
[01:53:59] [Server thread/INFO]: <bubbie> -tps
[01:53:59] [Server thread/INFO]: <Andriani> Tps is currently 20.0
[01:54:14] [Server thread/INFO]: <Andriani> -worstping
[01:54:14] [Server thread/INFO]: <Andriani> xXrazzerlightXx has the worst ping, 45
[01:54:21] [Server thread/INFO]: <Andriani> -bestping
[01:54:21] [Server thread/INFO]: <Andriani> Andriani has the best ping, 4
[01:54:22] [Server thread/INFO]: <bubbie> ping
[01:54:25] [Server thread/INFO]: <bubbie> -ping
[01:54:25] [Server thread/INFO]: <Andriani> Pong
[01:54:26] [Server thread/INFO]: <Andriani> -ping
[01:54:29] [Server thread/INFO]: <Andriani> -ping
[01:54:29] [Server thread/INFO]: <Andriani> Pong
[01:54:35] [Server thread/INFO]: <Andriani> -help
[01:54:35] [Server thread/INFO]: <Andriani> Hey, Andriani the commands are: -tps, -ping, -myping, -ping playername, -worstping, -bestping
[01:54:35] [Server thread/INFO]: <Andriani> Andriani's ping is 4
[01:54:45] [Server thread/INFO]: <Andriani> -ping bubbie
[01:54:45] [Server thread/INFO]: <Andriani> bubbie's ping is 46
[01:54:56] [Server thread/INFO]: <Andriani> -myping
[01:54:56] [Server thread/INFO]: <Andriani> Your ping is 4
[01:55:11] [Server thread/INFO]: <bubbie> -myping
[01:55:11] [Server thread/INFO]: <Andriani> Your ping is 44
[01:56:08] [User Authenticator #42/INFO]: UUID of player Taemytoob is b37d07fb-a9b5-49a7-a227-56e1db870f26
[01:56:08] [Server thread/INFO]: Taemytoob[/24.88.94.198:51632] logged in with entity id 854089 at (121.74710118596943, 64.0, 382.5585543034051)
[01:56:08] [Server thread/INFO]: Taemytoob joined the game
[01:56:31] [Server thread/WARN]: Andriani moved wrongly!
[01:56:31] [Server thread/WARN]: Andriani moved wrongly!
[01:57:16] [Server thread/WARN]: Andriani moved too quickly! 7.3711351967072005,-0.5625,-6.834504311325645
[01:57:16] [Server thread/WARN]: Can't keep up! Is the server overloaded? Running 5721ms or 114 ticks behind
[02:00:21] [Server thread/INFO]: [Andriani: Teleported Taemytoob to -568.5, 71.0, 1350.5]
[02:02:20] [Server thread/WARN]: Simpious moved too quickly! -10.052078691635302,1.7531999805212024,1.3724008674956067
[02:02:20] [Server thread/WARN]: bubbie moved too quickly! -9.87907608214664,-1.6551999914646274,-0.49899640725743666
[02:02:20] [Server thread/WARN]: Can't keep up! Is the server overloaded? Running 4181ms or 83 ticks behind
[02:05:27] [Server thread/WARN]: Horse (vehicle of bubbie) moved too quickly! -3.9662910559537856,-7.010914547315963,6.027977860669353
[02:05:27] [Server thread/WARN]: Horse (vehicle of bubbie) moved too quickly! -4.217438320765339,-7.010914547315963,6.428837289271314
[02:05:27] [Server thread/WARN]: Horse (vehicle of bubbie) moved too quickly! -4.464775490243682,-7.010914547315963,6.870487702840137
[02:05:27] [Server thread/WARN]: Horse (vehicle of bubbie) moved too quickly! -4.709136514958516,-7.010914547315963,7.334428280981911
[02:05:27] [Server thread/WARN]: Horse (vehicle of bubbie) moved too quickly! -4.951271765463343,-7.010914547315963,7.810606440948504
[02:05:27] [Server thread/WARN]: Horse (vehicle of bubbie) moved too quickly! -5.190968784048177,-7.0877465488113245,8.293937973422771
[02:05:27] [Server thread/WARN]: Horse (vehicle of bubbie) moved too quickly! -5.329988971083246,-7.238368005978977,8.575531854178507
[02:05:27] [Server thread/WARN]: Horse (vehicle of bubbie) moved too quickly! -5.464287818838422,-7.4598568577535715,8.849832243312221
[02:05:27] [Server thread/WARN]: Horse (vehicle of bubbie) moved too quickly! -5.593961288974075,-7.749406756633327,9.117808645452442
[02:05:27] [Server thread/WARN]: Horse moved wrongly!
[02:05:27] [Server thread/WARN]: Horse moved wrongly!
[02:05:27] [Server thread/WARN]: Horse moved wrongly!
[02:05:27] [Server thread/WARN]: Horse moved wrongly!
[02:05:27] [Server thread/WARN]: Horse moved wrongly!
[02:05:27] [Server thread/WARN]: Horse moved wrongly!
[02:05:27] [Server thread/WARN]: Horse moved wrongly!
[02:05:27] [Server thread/WARN]: Horse moved wrongly!
[02:05:27] [Server thread/WARN]: Horse moved wrongly!
[02:05:27] [Server thread/WARN]: Horse moved wrongly!
[02:05:27] [Server thread/WARN]: Horse moved wrongly!
[02:07:26] [Server thread/WARN]: Taemytoob moved too quickly! -7.0,7.333199993634224,0.1882604916188484
[02:07:26] [Server thread/WARN]: Can't keep up! Is the server overloaded? Running 5681ms or 113 ticks behind
[02:07:28] [Server thread/INFO]: xXrazzerlightXx was slain by Zombie
[02:12:28] [Server thread/WARN]: bubbie moved too quickly! 4.762666227784905,1.839194558085147,9.029502705605978
[02:12:28] [Server thread/WARN]: Can't keep up! Is the server overloaded? Running 2779ms or 55 ticks behind
[02:17:31] [Server thread/WARN]: bubbie moved too quickly! -6.192522487823055,0.2712241076924897,-8.210078803527452
[02:17:31] [Server thread/WARN]: Andriani moved too quickly! 10.171151980084915,0.0,0.49601664772535514
[02:17:31] [Server thread/WARN]: Can't keep up! Is the server overloaded? Running 2540ms or 50 ticks behind
[02:19:04] [Server thread/INFO]: xXrazzerlightXx tried to swim in lava
[02:20:10] [Server thread/WARN]: Andriani moved too quickly! 7.451732098540674,0.0,-8.913664086188646
[02:20:10] [Server thread/WARN]: bubbie moved too quickly! -1.385844387502356,0.9769118908984495,10.035034740054869
[02:20:10] [Server thread/WARN]: Can't keep up! Is the server overloaded? Running 2001ms or 40 ticks behind
[02:20:12] [Server thread/WARN]: Andriani moved too quickly! 6.685470521639445,0.4302351734545198,-8.66040940488665
[02:21:58] [Server thread/INFO]: Simpious has made the advancement [Ice Bucket Challenge]
[02:22:38] [Server thread/WARN]: bubbie moved too quickly! -7.154514519200802,-0.41290928041701136,7.086859304552831
[02:22:38] [Server thread/WARN]: Andriani moved too quickly! -9.933107149652784,0.22768848754498805,2.958729038124318
[02:22:38] [Server thread/WARN]: xXrazzerlightXx moved too quickly! 7.9248029685332,0.049187031060967,-6.289265473819299
[02:22:38] [Server thread/WARN]: Can't keep up! Is the server overloaded? Running 4814ms or 96 ticks behind
[02:25:00] [Server thread/INFO]: bubbie has made the advancement [Enchanter]
[02:25:07] [Server thread/INFO]: bubbie lost connection: Disconnected
[02:25:07] [Server thread/INFO]: bubbie left the game
[02:27:40] [Server thread/WARN]: Can't keep up! Is the server overloaded? Running 2726ms or 54 ticks behind
[02:27:58] [Server thread/WARN]: Can't keep up! Is the server overloaded? Running 2045ms or 40 ticks behind
[02:32:44] [Server thread/WARN]: Can't keep up! Is the server overloaded? Running 2010ms or 40 ticks behind
[02:36:42] [Server thread/INFO]: [Andriani: Set the time to 1000]
[02:43:20] [Server thread/INFO]: xXrazzerlightXx was slain by Wolf
[02:43:41] [Server thread/INFO]: [Andriani: Teleported xXrazzerlightXx to Andriani]
[02:47:34] [Server thread/INFO]: Taemytoob lost connection: Disconnected
[02:47:34] [Server thread/INFO]: Taemytoob left the game
[02:51:30] [Server thread/INFO]: Andriani has made the advancement [Local Brewery]
[02:52:31] [Server thread/INFO]: xXrazzerlightXx lost connection: Disconnected
[02:52:31] [Server thread/INFO]: xXrazzerlightXx left the game
[02:52:46] [Server thread/WARN]: Simpious moved too quickly! -0.15787664091863007,-10.80652611000901,0.509648316036774
[03:21:17] [Server thread/WARN]: Andriani moved too quickly! -6.356537131979621,1.678506345292334,8.545087443158536
[03:22:47] [Server thread/WARN]: Can't keep up! Is the server overloaded? Running 2461ms or 49 ticks behind
[03:22:54] [Server thread/INFO]: <Andriani> -tps
[03:22:54] [Server thread/INFO]: <Andriani> Tps is currently 18.58
[03:27:39] [Server thread/INFO]: <Andriani> -574
[03:27:39] [Server thread/INFO]: <Andriani> Incorrect command, try -help
[03:27:45] [Server thread/INFO]: <Andriani> 67
[03:27:52] [Server thread/INFO]: <Andriani> 1403
[03:27:59] [Server thread/INFO]: <Andriani> -574 67 1403
[03:27:59] [Server thread/INFO]: <Andriani> Incorrect command, try -help
[03:28:12] [Server thread/INFO]: [Andriani: Set the weather to clear]
[03:45:40] [Server thread/WARN]: Andriani moved wrongly!
[03:45:41] [Server thread/WARN]: Andriani moved wrongly!
[03:45:41] [Server thread/WARN]: Andriani moved wrongly!
[03:45:41] [Server thread/WARN]: Andriani moved wrongly!
[03:45:42] [Server thread/WARN]: Andriani moved wrongly!
[03:45:42] [Server thread/WARN]: Andriani moved wrongly!
